2023-02-10 13:20:03,178  * Debugger is active!
2023-02-10 13:20:03,185  * Debugger PIN: 105-304-368
2023-02-10 13:20:16,659 Connected to JDBC database
2023-02-10 13:20:16,659 Executing SQL query
2023-02-10 13:20:16,674 127.0.0.1 - - [10/Feb/2023 13:20:16] "POST /api/query HTTP/1.1" 200 -
2023-02-10 13:20:37,945  * Detected change in '/Users/longbuivan/Desktop/Projects/DataSaS/datasas/api/app/apis.py', reloading
2023-02-10 13:20:38,093  * Debugger is active!
2023-02-10 13:20:38,103  * Debugger PIN: 105-304-368
2023-02-10 13:20:43,977  * Detected change in '/Users/longbuivan/Desktop/Projects/DataSaS/datasas/api/app/apis.py', reloading
2023-02-10 13:20:44,108  * Debugger is active!
2023-02-10 13:20:44,115  * Debugger PIN: 105-304-368
2023-02-10 13:20:58,021  * Detected change in '/Users/longbuivan/Desktop/Projects/DataSaS/datasas/api/app/apis.py', reloading
2023-02-10 13:20:58,171  * Debugger is active!
2023-02-10 13:20:58,175  * Debugger PIN: 105-304-368
2023-02-10 13:21:01,295 Connected to JDBC database
2023-02-10 13:21:01,295 Executing SQL query
2023-02-10 13:21:01,318 Closed connection
2023-02-10 13:21:01,319 127.0.0.1 - - [10/Feb/2023 13:21:01] "POST /api/query HTTP/1.1" 200 -
2023-02-10 13:22:58,766  * Detected change in '/Users/longbuivan/Desktop/Projects/DataSaS/datasas/api/app/apis.py', reloading
2023-02-10 13:22:58,923  * Debugger is active!
2023-02-10 13:22:58,929  * Debugger PIN: 105-304-368
2023-02-10 13:24:10,363  * Detected change in '/Users/longbuivan/Desktop/Projects/DataSaS/datasas/api/app/apis.py', reloading
2023-02-10 13:24:10,556  * Debugger is active!
2023-02-10 13:24:10,560  * Debugger PIN: 105-304-368
2023-02-10 13:24:11,677 127.0.0.1 - - [10/Feb/2023 13:24:11] "[33mPOST /api/query HTTP/1.1[0m" 404 -
2023-02-10 13:24:16,312 Connected to JDBC database
2023-02-10 13:24:16,312 Executing SQL query
2023-02-10 13:24:16,330 Closed connection
2023-02-10 13:24:16,331 127.0.0.1 - - [10/Feb/2023 13:24:16] "POST /api/jdbc/query HTTP/1.1" 200 -
2023-02-10 13:24:20,073  * Detected change in '/Users/longbuivan/Desktop/Projects/DataSaS/datasas/api/app/apis.py', reloading
2023-02-10 13:24:20,222  * Debugger is active!
2023-02-10 13:24:20,233  * Debugger PIN: 105-304-368
2023-02-10 13:30:43,453  * Detected change in '/Users/longbuivan/Desktop/Projects/DataSaS/datasas/api/app/apis.py', reloading
2023-02-10 13:30:43,636  * Debugger is active!
2023-02-10 13:30:43,643  * Debugger PIN: 105-304-368
2023-02-10 14:11:01,657  * Detected change in '/Users/longbuivan/Desktop/Projects/DataSaS/datasas/api/app/apis.py', reloading
2023-02-10 14:11:01,921  * Debugger is active!
2023-02-10 14:11:01,939  * Debugger PIN: 105-304-368
2023-02-10 14:11:18,226  * Detected change in '/Users/longbuivan/Desktop/Projects/DataSaS/datasas/api/app/apis.py', reloading
2023-02-10 14:11:18,385  * Debugger is active!
2023-02-10 14:11:18,390  * Debugger PIN: 105-304-368
2023-02-10 14:24:45,562  * Detected change in '/Users/longbuivan/Desktop/Projects/DataSaS/datasas/api/app/mappings.py', reloading
2023-02-10 14:24:45,820  * Debugger is active!
2023-02-10 14:24:45,832  * Debugger PIN: 105-304-368
2023-02-10 14:26:05,412  * Detected change in '/Users/longbuivan/Desktop/Projects/DataSaS/datasas/api/app/apis.py', reloading
2023-02-10 14:26:05,623  * Debugger is active!
2023-02-10 14:26:05,629  * Debugger PIN: 105-304-368
2023-02-10 14:26:18,425  * Detected change in '/Users/longbuivan/Desktop/Projects/DataSaS/datasas/api/app/mappings.py', reloading
2023-02-10 14:26:18,573  * Debugger is active!
2023-02-10 14:26:18,580  * Debugger PIN: 105-304-368
2023-02-10 14:32:09,391  * Detected change in '/Users/longbuivan/Desktop/Projects/DataSaS/datasas/api/app/apis.py', reloading
2023-02-10 14:32:09,573  * Debugger is active!
2023-02-10 14:32:09,580  * Debugger PIN: 105-304-368
2023-02-10 14:43:21,185 Connected to JDBC database
2023-02-10 14:43:21,186 Executing SQL query
2023-02-10 14:43:21,233 Closed connection
2023-02-10 14:43:21,234 127.0.0.1 - - [10/Feb/2023 14:43:21] "POST /api/jdbc/query HTTP/1.1" 200 -
